w: file:///home/runner/work/ClashMetaForAndroid/ClashMetaForAndroid/build.gradle.kts:200:1: 'fun <T : Task> Project.task(name: String, type: KClass<T>, configuration: T.() -> Unit): T' is deprecated. Use tasks.register instead.
w: file:///home/runner/work/ClashMetaForAndroid/ClashMetaForAndroid/build.gradle.kts:201:24: 'var buildDir: File' is deprecated. Deprecated in Java.
w: file:///home/runner/work/ClashMetaForAndroid/ClashMetaForAndroid/app/build.gradle.kts:53:1: 'fun task(name: String, configureAction: Action<in Task>): Task' is deprecated. Deprecated in Java.
w: file:///home/runner/work/ClashMetaForAndroid/ClashMetaForAndroid/app/build.gradle.kts:64:23: 'constructor(p0: String!): URL' is deprecated. Deprecated in Java.
w: file:///home/runner/work/ClashMetaForAndroid/ClashMetaForAndroid/service/build.gradle.kts:29:47: 'var buildDir: File' is deprecated. Deprecated in Java.
w: file:///home/runner/work/ClashMetaForAndroid/ClashMetaForAndroid/service/build.gradle.kts:30:45: 'var buildDir: File' is deprecated. Deprecated in Java.
:core:preBuild UP-TO-DATE
:app:downloadGeoFiles
:common:preBuild UP-TO-DATE
:design:preBuild UP-TO-DATE
:common:preMetaReleaseBuild UP-TO-DATE
:core:preMetaReleaseBuild UP-TO-DATE
:design:preMetaReleaseBuild UP-TO-DATE
:core:configureCMakeRelWithDebInfo[arm64-v8a]-2
:common:mergeMetaReleaseJniLibFolders
:design:mergeMetaReleaseJniLibFolders
:common:mergeMetaReleaseNativeLibs NO-SOURCE
:design:mergeMetaReleaseNativeLibs NO-SOURCE
:design:copyMetaReleaseJniLibsProjectOnly
:common:copyMetaReleaseJniLibsProjectOnly
:service:preBuild UP-TO-DATE
:service:preMetaReleaseBuild UP-TO-DATE
:common:checkKotlinGradlePluginConfigurationErrors SKIPPED
:service:mergeMetaReleaseJniLibFolders
:common:dataBindingMergeDependencyArtifactsMetaRelease
:service:mergeMetaReleaseNativeLibs NO-SOURCE
:service:copyMetaReleaseJniLibsProjectOnly
:hideapi:preBuild UP-TO-DATE
:hideapi:preMetaReleaseBuild UP-TO-DATE
:hideapi:generateMetaReleaseBuildConfig
geoip.metadb downloaded to /home/runner/work/ClashMetaForAndroid/ClashMetaForAndroid/app/src/main/assets/geoip.metadb
:hideapi:generateMetaReleaseResValues
:hideapi:generateMetaReleaseResources
:hideapi:packageMetaReleaseResources
geosite.dat downloaded to /home/runner/work/ClashMetaForAndroid/ClashMetaForAndroid/app/src/main/assets/geosite.dat
:hideapi:processMetaReleaseNavigationResources
:hideapi:parseMetaReleaseLocalResources
ASN.mmdb downloaded to /home/runner/work/ClashMetaForAndroid/ClashMetaForAndroid/app/src/main/assets/ASN.mmdb
:app:preBuild UP-TO-DATE
:app:preMetaReleaseBuild UP-TO-DATE
:app:mergeMetaReleaseJniLibFolders
:design:checkKotlinGradlePluginConfigurationErrors SKIPPED
:service:checkKotlinGradlePluginConfigurationErrors SKIPPED
:service:generateMetaReleaseResValues
:service:generateMetaReleaseResources
:service:packageMetaReleaseResources
:service:processMetaReleaseNavigationResources
:service:parseMetaReleaseLocalResources
:common:generateMetaReleaseResValues
:common:generateMetaReleaseResources
:common:packageMetaReleaseResources
:common:processMetaReleaseNavigationResources
:common:parseMetaReleaseLocalResources
:hideapi:generateMetaReleaseRFile
:hideapi:javaPreCompileMetaRelease
:hideapi:compileMetaReleaseJavaWithJavac
:common:dataBindingTriggerMetaRelease
:common:generateMetaReleaseBuildConfig
:service:dataBindingTriggerMetaRelease
:common:dataBindingGenBaseClassesMetaRelease
:service:generateMetaReleaseBuildConfig
:service:generateMetaReleaseRFile
:service:javaPreCompileMetaRelease
:design:generateMetaReleaseResValues
:design:generateMetaReleaseResources
:common:generateMetaReleaseRFile
:common:javaPreCompileMetaRelease
:design:packageMetaReleaseResources
:app:buildKotlinToolingMetadata
:app:checkMetaReleaseDuplicateClasses
:design:processMetaReleaseNavigationResources
:design:parseMetaReleaseLocalResources
:design:dataBindingTriggerMetaRelease
:design:generateMetaReleaseBuildConfig
:design:generateMetaReleaseRFile
:design:javaPreCompileMetaRelease
:common:writeMetaReleaseAarMetadata
:design:writeMetaReleaseAarMetadata
:service:writeMetaReleaseAarMetadata
:common:extractDeepLinksMetaRelease
:common:processMetaReleaseManifest
:design:extractDeepLinksMetaRelease
:design:processMetaReleaseManifest
:service:extractDeepLinksMetaRelease
:service:processMetaReleaseManifest
:app:checkKotlinGradlePluginConfigurationErrors SKIPPED
:app:generateMetaReleaseResValues
:app:generateMetaReleaseResources
:common:prepareMetaReleaseArtProfile
:app:packageMetaReleaseResources
:design:prepareMetaReleaseArtProfile
:service:prepareMetaReleaseArtProfile
:common:mergeMetaReleaseShaders
:common:compileMetaReleaseShaders NO-SOURCE
:common:generateMetaReleaseAssets UP-TO-DATE
:common:mergeMetaReleaseAssets
:design:mergeMetaReleaseShaders
:design:compileMetaReleaseShaders NO-SOURCE
:design:generateMetaReleaseAssets UP-TO-DATE
:app:dataBindingTriggerMetaRelease
:design:mergeMetaReleaseAssets
:app:generateMetaReleaseBuildConfig
:service:mergeMetaReleaseShaders
:app:createMetaReleaseCompatibleScreenManifests
:service:compileMetaReleaseShaders NO-SOURCE
:app:extractDeepLinksMetaRelease
:service:generateMetaReleaseAssets UP-TO-DATE
:service:mergeMetaReleaseAssets
:app:javaPreCompileMetaRelease
:common:extractProguardFiles
:common:prepareLintJarForPublish
:app:extractProguardFiles
:design:extractProguardFiles
:app:mergeMetaReleaseStartupProfile
:service:extractProguardFiles
:app:mergeMetaReleaseShaders
:service:prepareLintJarForPublish
:design:prepareLintJarForPublish
:app:compileMetaReleaseShaders NO-SOURCE
:app:generateMetaReleaseAssets UP-TO-DATE
:app:extractMetaReleaseVersionControlInfo
:design:stripMetaReleaseDebugSymbols NO-SOURCE
:design:copyMetaReleaseJniLibsProjectAndLocalJars
:design:extractDeepLinksForAarMetaRelease
:service:stripMetaReleaseDebugSymbols NO-SOURCE
:service:copyMetaReleaseJniLibsProjectAndLocalJars
:service:extractDeepLinksForAarMetaRelease
:common:checkMetaReleaseAarMetadata
:common:stripMetaReleaseDebugSymbols NO-SOURCE
:common:copyMetaReleaseJniLibsProjectAndLocalJars
:common:extractDeepLinksForAarMetaRelease
:service:writeMetaReleaseLintModelMetadata
:common:writeMetaReleaseLintModelMetadata
:design:writeMetaReleaseLintModelMetadata
:app:collectMetaReleaseDependencies
:app:sdkMetaReleaseDependencyData
:app:validateSigningMetaRelease
:hideapi:bundleLibCompileToJarMetaRelease
:hideapi:bundleLibRuntimeToJarMetaRelease
:hideapi:processMetaReleaseJavaRes NO-SOURCE
:common:compileMetaReleaseKotlin
:hideapi:createFullJarMetaRelease
:hideapi:extractProguardFiles
:hideapi:processMetaReleaseManifest
:hideapi:generateMetaReleaseLintModel
:app:writeMetaReleaseAppMetadata
:app:writeMetaReleaseSigningConfigVersions
:hideapi:prepareLintJarForPublish
:hideapi:checkMetaReleaseAarMetadata
:hideapi:mergeMetaReleaseJniLibFolders
:hideapi:mergeMetaReleaseNativeLibs NO-SOURCE
:hideapi:stripMetaReleaseDebugSymbols NO-SOURCE
:hideapi:copyMetaReleaseJniLibsProjectAndLocalJars
:hideapi:extractDeepLinksForAarMetaRelease
:hideapi:extractMetaReleaseAnnotations
:hideapi:mergeMetaReleaseShaders
:hideapi:compileMetaReleaseShaders NO-SOURCE
:hideapi:generateMetaReleaseAssets UP-TO-DATE
:hideapi:mergeMetaReleaseAssets
:hideapi:mergeMetaReleaseGeneratedProguardFiles
:hideapi:mergeMetaReleaseConsumerProguardFiles
:hideapi:prepareMetaReleaseArtProfile
:hideapi:mergeMetaReleaseJavaResource
:hideapi:writeMetaReleaseAarMetadata
:hideapi:writeMetaReleaseLintModelMetadata
:hideapi:lintVitalAnalyzeMetaRelease
:hideapi:syncMetaReleaseLibJars
:hideapi:bundleMetaReleaseLocalLintAar
:hideapi:generateMetaReleaseLintVitalModel
:core:buildCMakeRelWithDebInfo[arm64-v8a]-2 FAILED
:common:compileMetaReleaseJavaWithJavac
C/C++: ninja: Entering directory `/home/runner/work/ClashMetaForAndroid/ClashMetaForAndroid/core/.cxx/RelWithDebInfo/5n2a5966/arm64-v8a'
C/C++: /usr/local/lib/android/sdk/ndk/29.0.14206865/toolchains/llvm/prebuilt/linux-x86_64/bin/clang --target=aarch64-none-linux-android26 --sysroot=/usr/local/lib/android/sdk/ndk/29.0.14206865/toolchains/llvm/prebuilt/linux-x86_64/sysroot -Dbridge_EXPORTS -I/home/runner/work/ClashMetaForAndroid/ClashMetaForAndroid/core/build/intermediates/go/metaRelease/arm64-v8a -I/home/runner/work/ClashMetaForAndroid/ClashMetaForAndroid/core/src/main/golang/native -g -DANDROID -fdata-sections -ffunction-sections -funwind-tables -fstack-protector-strong -no-canonical-prefixes -D_FORTIFY_SOURCE=2 -Wformat -Werror=format-security  -O2 -g -DNDEBUG -fPIC -MD -MT CMakeFiles/bridge.dir/main.c.o -MF CMakeFiles/bridge.dir/main.c.o.d -o CMakeFiles/bridge.dir/main.c.o -c /home/runner/work/ClashMetaForAndroid/ClashMetaForAndroid/core/src/main/cpp/main.c
C/C++: /home/runner/work/ClashMetaForAndroid/ClashMetaForAndroid/core/src/main/cpp/main.c:7:10: fatal error: 'libclash.h' file not found
C/C++:     7 | #include "libclash.h"
C/C++:       |          ^~~~~~~~~~~~
C/C++: 1 error generated.
gradle/actions: Writing build results to /home/runner/work/_temp/.gradle-actions/build-results/__run_4-1772713986085.json

[Incubating] Problems report is available at: file:///home/runner/work/ClashMetaForAndroid/ClashMetaForAndroid/build/reports/problems/problems-report.html

FAILURE: Build failed with an exception.

* What went wrong:
Execution failed for task ':core:buildCMakeRelWithDebInfo[arm64-v8a]-2'.
> com.android.ide.common.process.ProcessException: ninja: Entering directory `/home/runner/work/ClashMetaForAndroid/ClashMetaForAndroid/core/.cxx/RelWithDebInfo/5n2a5966/arm64-v8a'
  [1/4] Building C object CMakeFiles/bridge.dir/bridge_helper.c.o
  [2/4] Building C object CMakeFiles/bridge.dir/jni_helper.c.o
  [3/4] Building C object CMakeFiles/bridge.dir/main.c.o
  FAILED: CMakeFiles/bridge.dir/main.c.o 
  /usr/local/lib/android/sdk/ndk/29.0.14206865/toolchains/llvm/prebuilt/linux-x86_64/bin/clang --target=aarch64-none-linux-android26 --sysroot=/usr/local/lib/android/sdk/ndk/29.0.14206865/toolchains/llvm/prebuilt/linux-x86_64/sysroot -Dbridge_EXPORTS -I/home/runner/work/ClashMetaForAndroid/ClashMetaForAndroid/core/build/intermediates/go/metaRelease/arm64-v8a -I/home/runner/work/ClashMetaForAndroid/ClashMetaForAndroid/core/src/main/golang/native -g -DANDROID -fdata-sections -ffunction-sections -funwind-tables -fstack-protector-strong -no-canonical-prefixes -D_FORTIFY_SOURCE=2 -Wformat -Werror=format-security  -O2 -g -DNDEBUG -fPIC -MD -MT CMakeFiles/bridge.dir/main.c.o -MF CMakeFiles/bridge.dir/main.c.o.d -o CMakeFiles/bridge.dir/main.c.o -c /home/runner/work/ClashMetaForAndroid/ClashMetaForAndroid/core/src/main/cpp/main.c
  /home/runner/work/ClashMetaForAndroid/ClashMetaForAndroid/core/src/main/cpp/main.c:7:10: fatal error: 'libclash.h' file not found
      7 | #include "libclash.h"
        |          ^~~~~~~~~~~~
  1 error generated.
  ninja: build stopped: subcommand failed.
  
  C++ build system [build] failed while executing:
      /usr/local/lib/android/sdk/cmake/4.1.2/bin/ninja \
        -C \
        /home/runner/work/ClashMetaForAndroid/ClashMetaForAndroid/core/.cxx/RelWithDebInfo/5n2a5966/arm64-v8a \
        bridge
    from /home/runner/work/ClashMetaForAndroid/ClashMetaForAndroid/core

* Try:
> Run with --stacktrace option to get the stack trace.
> Run with --info or --debug option to get more log output.
> Get more help at https://help.gradle.org.

Deprecated Gradle features were used in this build, making it incompatible with Gradle 10.

You can use '--warning-mode all' to show the individual deprecation warnings and determine if they come from your own scripts or plugins.

For more on this, please refer to https://docs.gradle.org/9.4.0/userguide/command_line_interface.html#sec:command_line_warnings in the Gradle documentation.

BUILD FAILED in 1m 9s
127 actionable tasks: 127 executed
